# JRE version: OpenJDK Runtime Environment (17.0.11) (build 17.0.11+0--11852314)
# Java VM: OpenJDK 64-Bit Server VM (17.0.11+0--11852314, mixed mode, tiered, compressed oops, compressed class ptrs, g1 gc, windows-amd64)
GC Precious Log:
 CPUs: 12 total, 12 available
 Memory: 15789M
 Large Page Support: Disabled
 NUMA Support: Disabled
 Compressed Oops: Enabled (32-bit)
 Heap Region Size: 1M
 Heap Min Capacity: 8M
 Heap Initial Capacity: 248M
 Heap Max Capacity: 2G
 Pre-touch: Disabled
 Parallel Workers: 10
 Concurrent Workers: 3
 Concurrent Refinement Workers: 10
 Periodic GC: Disabled
Heap:
 garbage-first heap   total 275456K, used 176086K [0x0000000080000000, 0x0000000100000000)
  region size 1024K, 10 young (10240K), 3 survivors (3072K)
 Metaspace       used 133856K, committed 134912K, reserved 1179648K
  class space    used 18923K, committed 19456K, reserved 1048576K
GC Heap History (20 events):
Event: 2081.119 GC heap before
{Heap before GC invocations=51 (full 0):
 garbage-first heap   total 229376K, used 190017K [0x0000000080000000, 0x0000000100000000)
  region size 1024K, 57 young (58368K), 5 survivors (5120K)
 Metaspace       used 113453K, committed 114304K, reserved 1179648K
  class space    used 15574K, committed 16000K, reserved 1048576K
}
Event: 2081.132 GC heap after
{Heap after GC invocations=52 (full 0):
 garbage-first heap   total 229376K, used 142018K [0x0000000080000000, 0x0000000100000000)
  region size 1024K, 8 young (8192K), 8 survivors (8192K)
 Metaspace       used 113453K, committed 114304K, reserved 1179648K
  class space    used 15574K, committed 16000K, reserved 1048576K
}
Event: 2094.118 GC heap before
{Heap before GC invocations=52 (full 0):
 garbage-first heap   total 229376K, used 189122K [0x0000000080000000, 0x0000000100000000)
  region size 1024K, 55 young (56320K), 8 survivors (8192K)
 Metaspace       used 114072K, committed 115008K, reserved 1179648K
  class space    used 15633K, committed 16064K, reserved 1048576K
}
Event: 2094.129 GC heap after
{Heap after GC invocations=53 (full 0):
 garbage-first heap   total 229376K, used 142801K [0x0000000080000000, 0x0000000100000000)
  region size 1024K, 3 young (3072K), 3 survivors (3072K)
 Metaspace       used 114072K, committed 115008K, reserved 1179648K
  class space    used 15633K, committed 16064K, reserved 1048576K
}
Event: 2094.849 GC heap before
{Heap before GC invocations=53 (full 0):
 garbage-first heap   total 229376K, used 189905K [0x0000000080000000, 0x0000000100000000)
  region size 1024K, 50 young (51200K), 3 survivors (3072K)
 Metaspace       used 116046K, committed 116992K, reserved 1179648K
  class space    used 15919K, committed 16384K, reserved 1048576K
}
Event: 2094.860 GC heap after
{Heap after GC invocations=54 (full 0):
 garbage-first heap   total 229376K, used 147739K [0x0000000080000000, 0x0000000100000000)
  region size 1024K, 7 young (7168K), 7 survivors (7168K)
 Metaspace       used 116046K, committed 116992K, reserved 1179648K
  class space    used 15919K, committed 16384K, reserved 1048576K
}
Event: 2095.508 GC heap before
{Heap before GC invocations=54 (full 0):
 garbage-first heap   total 229376K, used 190747K [0x0000000080000000, 0x0000000100000000)
  region size 1024K, 50 young (51200K), 7 survivors (7168K)
 Metaspace       used 117501K, committed 118400K, reserved 1179648K
  class space    used 16135K, committed 16576K, reserved 1048576K
}
Event: 2095.523 GC heap after
{Heap after GC invocations=55 (full 0):
 garbage-first heap   total 229376K, used 155361K [0x0000000080000000, 0x0000000100000000)
  region size 1024K, 7 young (7168K), 7 survivors (7168K)
 Metaspace       used 117501K, committed 118400K, reserved 1179648K
  class space    used 16135K, committed 16576K, reserved 1048576K
}
Event: 2096.069 GC heap before
{Heap before GC invocations=55 (full 0):
 garbage-first heap   total 229376K, used 191201K [0x0000000080000000, 0x0000000100000000)
  region size 1024K, 43 young (44032K), 7 survivors (7168K)
 Metaspace       used 119230K, committed 120192K, reserved 1179648K
  class space    used 16430K, committed 16896K, reserved 1048576K
}
Event: 2096.080 GC heap after
{Heap after GC invocations=56 (full 0):
 garbage-first heap   total 229376K, used 160869K [0x0000000080000000, 0x0000000100000000)
  region size 1024K, 6 young (6144K), 6 survivors (6144K)
 Metaspace       used 119230K, committed 120192K, reserved 1179648K
  class space    used 16430K, committed 16896K, reserved 1048576K
}
Event: 2096.500 GC heap before
{Heap before GC invocations=56 (full 0):
 garbage-first heap   total 229376K, used 191589K [0x0000000080000000, 0x0000000100000000)
  region size 1024K, 37 young (37888K), 6 survivors (6144K)
 Metaspace       used 120508K, committed 121408K, reserved 1179648K
  class space    used 16602K, committed 17024K, reserved 1048576K
}
Event: 2096.510 GC heap after
{Heap after GC invocations=57 (full 0):
 garbage-first heap   total 275456K, used 166000K [0x0000000080000000, 0x0000000100000000)
  region size 1024K, 5 young (5120K), 5 survivors (5120K)
 Metaspace       used 120508K, committed 121408K, reserved 1179648K
  class space    used 16602K, committed 17024K, reserved 1048576K
}
Event: 2097.451 GC heap before
{Heap before GC invocations=57 (full 0):
 garbage-first heap   total 275456K, used 224368K [0x0000000080000000, 0x0000000100000000)
  region size 1024K, 63 young (64512K), 5 survivors (5120K)
 Metaspace       used 125125K, committed 126016K, reserved 1179648K
  class space    used 17422K, committed 17856K, reserved 1048576K
}
Event: 2097.460 GC heap after
{Heap after GC invocations=58 (full 0):
 garbage-first heap   total 275456K, used 168579K [0x0000000080000000, 0x0000000100000000)
  region size 1024K, 4 young (4096K), 4 survivors (4096K)
 Metaspace       used 125125K, committed 126016K, reserved 1179648K
  class space    used 17422K, committed 17856K, reserved 1048576K
}
Event: 2098.488 GC heap before
{Heap before GC invocations=58 (full 0):
 garbage-first heap   total 275456K, used 226947K [0x0000000080000000, 0x0000000100000000)
  region size 1024K, 62 young (63488K), 4 survivors (4096K)
 Metaspace       used 130350K, committed 131264K, reserved 1179648K
  class space    used 18440K, committed 18880K, reserved 1048576K
}
Event: 2098.498 GC heap after
{Heap after GC invocations=59 (full 0):
 garbage-first heap   total 275456K, used 170731K [0x0000000080000000, 0x0000000100000000)
  region size 1024K, 6 young (6144K), 6 survivors (6144K)
 Metaspace       used 130350K, committed 131264K, reserved 1179648K
  class space    used 18440K, committed 18880K, reserved 1048576K
}
Event: 2099.085 GC heap before
{Heap before GC invocations=59 (full 0):
 garbage-first heap   total 275456K, used 229099K [0x0000000080000000, 0x0000000100000000)
  region size 1024K, 64 young (65536K), 6 survivors (6144K)
 Metaspace       used 132119K, committed 133120K, reserved 1179648K
  class space    used 18675K, committed 19136K, reserved 1048576K
}
Event: 2099.094 GC heap after
{Heap after GC invocations=60 (full 0):
 garbage-first heap   total 275456K, used 170750K [0x0000000080000000, 0x0000000100000000)
  region size 1024K, 3 young (3072K), 3 survivors (3072K)
 Metaspace       used 132119K, committed 133120K, reserved 1179648K
  class space    used 18675K, committed 19136K, reserved 1048576K
}
Event: 2099.904 GC heap before
{Heap before GC invocations=60 (full 0):
 garbage-first heap   total 275456K, used 227070K [0x0000000080000000, 0x0000000100000000)
  region size 1024K, 60 young (61440K), 3 survivors (3072K)
 Metaspace       used 133811K, committed 134848K, reserved 1179648K
  class space    used 18923K, committed 19456K, reserved 1048576K
}
Event: 2099.914 GC heap after
{Heap after GC invocations=61 (full 0):
 garbage-first heap   total 275456K, used 170966K [0x0000000080000000, 0x0000000100000000)
  region size 1024K, 3 young (3072K), 3 survivors (3072K)
 Metaspace       used 133811K, committed 134848K, reserved 1179648K
  class space    used 18923K, committed 19456K, reserved 1048576K
}

