# JRE version: OpenJDK Runtime Environment (17.0.11) (build 17.0.11+0--11852314)
# Java VM: OpenJDK 64-Bit Server VM (17.0.11+0--11852314, mixed mode, tiered, compressed oops, compressed class ptrs, g1 gc, windows-amd64)
GC Precious Log:
 CPUs: 12 total, 12 available
 Memory: 15789M
 Large Page Support: Disabled
 NUMA Support: Disabled
 Compressed Oops: Enabled (32-bit)
 Heap Region Size: 1M
 Heap Min Capacity: 8M
 Heap Initial Capacity: 248M
 Heap Max Capacity: 2G
 Pre-touch: Disabled
 Parallel Workers: 10
 Concurrent Workers: 3
 Concurrent Refinement Workers: 10
 Periodic GC: Disabled
Heap:
 garbage-first heap   total 299008K, used 248429K [0x0000000080000000, 0x0000000100000000)
  region size 1024K, 139 young (142336K), 13 survivors (13312K)
 Metaspace       used 108187K, committed 109056K, reserved 1179648K
  class space    used 15019K, committed 15424K, reserved 1048576K
GC Heap History (20 events):
Event: 16.919 GC heap after
{Heap after GC invocations=28 (full 0):
 garbage-first heap   total 149504K, used 74151K [0x0000000080000000, 0x0000000100000000)
  region size 1024K, 7 young (7168K), 7 survivors (7168K)
 Metaspace       used 70242K, committed 70848K, reserved 1114112K
  class space    used 9558K, committed 9856K, reserved 1048576K
}
Event: 16.944 GC heap before
{Heap before GC invocations=28 (full 0):
 garbage-first heap   total 149504K, used 75175K [0x0000000080000000, 0x0000000100000000)
  region size 1024K, 8 young (8192K), 7 survivors (7168K)
 Metaspace       used 70321K, committed 70976K, reserved 1114112K
  class space    used 9568K, committed 9856K, reserved 1048576K
}
Event: 16.950 GC heap after
{Heap after GC invocations=29 (full 0):
 garbage-first heap   total 149504K, used 74329K [0x0000000080000000, 0x0000000100000000)
  region size 1024K, 1 young (1024K), 1 survivors (1024K)
 Metaspace       used 70321K, committed 70976K, reserved 1114112K
  class space    used 9568K, committed 9856K, reserved 1048576K
}
Event: 19.268 GC heap before
{Heap before GC invocations=29 (full 0):
 garbage-first heap   total 149504K, used 126553K [0x0000000080000000, 0x0000000100000000)
  region size 1024K, 48 young (49152K), 1 survivors (1024K)
 Metaspace       used 74767K, committed 75392K, reserved 1179648K
  class space    used 10186K, committed 10496K, reserved 1048576K
}
Event: 19.275 GC heap after
{Heap after GC invocations=30 (full 0):
 garbage-first heap   total 149504K, used 80500K [0x0000000080000000, 0x0000000100000000)
  region size 1024K, 4 young (4096K), 4 survivors (4096K)
 Metaspace       used 74767K, committed 75392K, reserved 1179648K
  class space    used 10186K, committed 10496K, reserved 1048576K
}
Event: 20.442 GC heap before
{Heap before GC invocations=31 (full 0):
 garbage-first heap   total 149504K, used 122484K [0x0000000080000000, 0x0000000100000000)
  region size 1024K, 45 young (46080K), 4 survivors (4096K)
 Metaspace       used 78938K, committed 79552K, reserved 1179648K
  class space    used 10759K, committed 11072K, reserved 1048576K
}
Event: 20.447 GC heap after
{Heap after GC invocations=32 (full 0):
 garbage-first heap   total 149504K, used 82457K [0x0000000080000000, 0x0000000100000000)
  region size 1024K, 5 young (5120K), 5 survivors (5120K)
 Metaspace       used 78938K, committed 79552K, reserved 1179648K
  class space    used 10759K, committed 11072K, reserved 1048576K
}
Event: 20.516 GC heap before
{Heap before GC invocations=32 (full 0):
 garbage-first heap   total 149504K, used 84505K [0x0000000080000000, 0x0000000100000000)
  region size 1024K, 7 young (7168K), 5 survivors (5120K)
 Metaspace       used 79064K, committed 79680K, reserved 1179648K
  class space    used 10777K, committed 11072K, reserved 1048576K
}
Event: 20.525 GC heap after
{Heap after GC invocations=33 (full 0):
 garbage-first heap   total 149504K, used 82479K [0x0000000080000000, 0x0000000100000000)
  region size 1024K, 1 young (1024K), 1 survivors (1024K)
 Metaspace       used 79064K, committed 79680K, reserved 1179648K
  class space    used 10777K, committed 11072K, reserved 1048576K
}
Event: 22.920 GC heap before
{Heap before GC invocations=33 (full 0):
 garbage-first heap   total 149504K, used 124463K [0x0000000080000000, 0x0000000100000000)
  region size 1024K, 42 young (43008K), 1 survivors (1024K)
 Metaspace       used 80334K, committed 81024K, reserved 1179648K
  class space    used 10937K, committed 11264K, reserved 1048576K
}
Event: 22.926 GC heap after
{Heap after GC invocations=34 (full 0):
 garbage-first heap   total 299008K, used 86041K [0x0000000080000000, 0x0000000100000000)
  region size 1024K, 5 young (5120K), 5 survivors (5120K)
 Metaspace       used 80334K, committed 81024K, reserved 1179648K
  class space    used 10937K, committed 11264K, reserved 1048576K
}
Event: 25.188 GC heap before
{Heap before GC invocations=34 (full 0):
 garbage-first heap   total 299008K, used 238617K [0x0000000080000000, 0x0000000100000000)
  region size 1024K, 153 young (156672K), 5 survivors (5120K)
 Metaspace       used 91011K, committed 91712K, reserved 1179648K
  class space    used 12652K, committed 12992K, reserved 1048576K
}
Event: 25.199 GC heap after
{Heap after GC invocations=35 (full 0):
 garbage-first heap   total 299008K, used 92359K [0x0000000080000000, 0x0000000100000000)
  region size 1024K, 11 young (11264K), 11 survivors (11264K)
 Metaspace       used 91011K, committed 91712K, reserved 1179648K
  class space    used 12652K, committed 12992K, reserved 1048576K
}
Event: 27.466 GC heap before
{Heap before GC invocations=35 (full 0):
 garbage-first heap   total 299008K, used 240839K [0x0000000080000000, 0x0000000100000000)
  region size 1024K, 156 young (159744K), 11 survivors (11264K)
 Metaspace       used 100803K, committed 101568K, reserved 1179648K
  class space    used 14082K, committed 14464K, reserved 1048576K
}
Event: 27.485 GC heap after
{Heap after GC invocations=36 (full 0):
 garbage-first heap   total 299008K, used 102265K [0x0000000080000000, 0x0000000100000000)
  region size 1024K, 20 young (20480K), 20 survivors (20480K)
 Metaspace       used 100803K, committed 101568K, reserved 1179648K
  class space    used 14082K, committed 14464K, reserved 1048576K
}
Event: 29.410 GC heap before
{Heap before GC invocations=36 (full 0):
 garbage-first heap   total 299008K, used 239481K [0x0000000080000000, 0x0000000100000000)
  region size 1024K, 155 young (158720K), 20 survivors (20480K)
 Metaspace       used 101686K, committed 102464K, reserved 1179648K
  class space    used 14199K, committed 14592K, reserved 1048576K
}
Event: 29.437 GC heap after
{Heap after GC invocations=37 (full 0):
 garbage-first heap   total 299008K, used 108627K [0x0000000080000000, 0x0000000100000000)
  region size 1024K, 9 young (9216K), 9 survivors (9216K)
 Metaspace       used 101686K, committed 102464K, reserved 1179648K
  class space    used 14199K, committed 14592K, reserved 1048576K
}
Event: 31.360 GC heap before
{Heap before GC invocations=37 (full 0):
 garbage-first heap   total 299008K, used 241747K [0x0000000080000000, 0x0000000100000000)
  region size 1024K, 140 young (143360K), 9 survivors (9216K)
 Metaspace       used 105109K, committed 105920K, reserved 1179648K
  class space    used 14642K, committed 15040K, reserved 1048576K
}
Event: 31.373 GC heap after
{Heap after GC invocations=38 (full 0):
 garbage-first heap   total 299008K, used 114285K [0x0000000080000000, 0x0000000100000000)
  region size 1024K, 15 young (15360K), 15 survivors (15360K)
 Metaspace       used 105109K, committed 105920K, reserved 1179648K
  class space    used 14642K, committed 15040K, reserved 1048576K
}
Event: 38.206 GC heap before
{Heap before GC invocations=38 (full 0):
 garbage-first heap   total 299008K, used 247405K [0x0000000080000000, 0x0000000100000000)
  region size 1024K, 141 young (144384K), 15 survivors (15360K)
 Metaspace       used 108187K, committed 109056K, reserved 1179648K
  class space    used 15019K, committed 15424K, reserved 1048576K
}

